{"C:\\Users\\Ari Fromm\\Documents\\Penn\\Spring_2022\\cis450\\Project\\repo\\parks-and-penncreation\\server\\parkFacts.js": {"path":"C:\\Users\\Ari Fromm\\Documents\\Penn\\Spring_2022\\cis450\\Project\\repo\\parks-and-penncreation\\server\\parkFacts.js","statementMap":{"0":{"start":{"line":1,"column":18},"end":{"line":4,"column":65}},"1":{"start":{"line":7,"column":14},"end":{"line":7,"column":44}},"2":{"start":{"line":8,"column":2},"end":{"line":8,"column":24}},"3":{"start":{"line":11,"column":14},"end":{"line":11,"column":36}},"4":{"start":{"line":13,"column":21},"end":{"line":64,"column":1}},"5":{"start":{"line":67,"column":0},"end":{"line":69,"column":2}}},"fnMap":{"0":{"name":"randomStateGenerator","decl":{"start":{"line":6,"column":9},"end":{"line":6,"column":29}},"loc":{"start":{"line":6,"column":33},"end":{"line":9,"column":1}},"line":6}},"branchMap":{},"s":{"0":1,"1":1,"2":1,"3":1,"4":1,"5":1},"f":{"0":1},"b":{},"_coverageSchema":"1a1c01bbd47fc00a2c39e90264f33305004495a9","hash":"e58d3131106807a46fbdc22b73d8486b55d66336"}
,"C:\\Users\\Ari Fromm\\Documents\\Penn\\Spring_2022\\cis450\\Project\\repo\\parks-and-penncreation\\server\\routes.js": {"path":"C:\\Users\\Ari Fromm\\Documents\\Penn\\Spring_2022\\cis450\\Project\\repo\\parks-and-penncreation\\server\\routes.js","statementMap":{"0":{"start":{"line":1,"column":15},"end":{"line":1,"column":39}},"1":{"start":{"line":2,"column":17},"end":{"line":2,"column":33}},"2":{"start":{"line":3,"column":19},"end":{"line":3,"column":37}},"3":{"start":{"line":4,"column":25},"end":{"line":4,"column":47}},"4":{"start":{"line":7,"column":19},"end":{"line":13,"column":2}},"5":{"start":{"line":14,"column":0},"end":{"line":14,"column":21}},"6":{"start":{"line":19,"column":4},"end":{"line":19,"column":74}},"7":{"start":{"line":25,"column":4},"end":{"line":34,"column":7}},"8":{"start":{"line":26,"column":8},"end":{"line":33,"column":9}},"9":{"start":{"line":27,"column":12},"end":{"line":27,"column":32}},"10":{"start":{"line":28,"column":12},"end":{"line":28,"column":27}},"11":{"start":{"line":29,"column":12},"end":{"line":29,"column":38}},"12":{"start":{"line":30,"column":15},"end":{"line":33,"column":9}},"13":{"start":{"line":31,"column":12},"end":{"line":31,"column":27}},"14":{"start":{"line":32,"column":12},"end":{"line":32,"column":42}},"15":{"start":{"line":42,"column":2},"end":{"line":56,"column":3}},"16":{"start":{"line":43,"column":4},"end":{"line":43,"column":27}},"17":{"start":{"line":44,"column":4},"end":{"line":44,"column":57}},"18":{"start":{"line":46,"column":9},"end":{"line":56,"column":3}},"19":{"start":{"line":47,"column":4},"end":{"line":47,"column":65}},"20":{"start":{"line":48,"column":4},"end":{"line":48,"column":52}},"21":{"start":{"line":50,"column":9},"end":{"line":56,"column":3}},"22":{"start":{"line":51,"column":4},"end":{"line":51,"column":44}},"23":{"start":{"line":52,"column":4},"end":{"line":53,"column":68}},"24":{"start":{"line":55,"column":4},"end":{"line":55,"column":74}},"25":{"start":{"line":58,"column":2},"end":{"line":71,"column":5}},"26":{"start":{"line":63,"column":6},"end":{"line":70,"column":7}},"27":{"start":{"line":65,"column":10},"end":{"line":65,"column":25}},"28":{"start":{"line":66,"column":10},"end":{"line":66,"column":36}},"29":{"start":{"line":67,"column":13},"end":{"line":70,"column":7}},"30":{"start":{"line":68,"column":10},"end":{"line":68,"column":25}},"31":{"start":{"line":69,"column":10},"end":{"line":69,"column":40}},"32":{"start":{"line":75,"column":13},"end":{"line":75,"column":36}},"33":{"start":{"line":78,"column":2},"end":{"line":101,"column":3}},"34":{"start":{"line":79,"column":4},"end":{"line":85,"column":5}},"35":{"start":{"line":80,"column":6},"end":{"line":80,"column":41}},"36":{"start":{"line":83,"column":6},"end":{"line":83,"column":66}},"37":{"start":{"line":84,"column":6},"end":{"line":84,"column":13}},"38":{"start":{"line":87,"column":4},"end":{"line":97,"column":7}},"39":{"start":{"line":89,"column":6},"end":{"line":96,"column":7}},"40":{"start":{"line":91,"column":10},"end":{"line":91,"column":25}},"41":{"start":{"line":92,"column":10},"end":{"line":92,"column":36}},"42":{"start":{"line":93,"column":13},"end":{"line":96,"column":7}},"43":{"start":{"line":94,"column":10},"end":{"line":94,"column":25}},"44":{"start":{"line":95,"column":10},"end":{"line":95,"column":40}},"45":{"start":{"line":99,"column":4},"end":{"line":99,"column":59}},"46":{"start":{"line":100,"column":4},"end":{"line":100,"column":11}},"47":{"start":{"line":107,"column":2},"end":{"line":116,"column":5}},"48":{"start":{"line":108,"column":6},"end":{"line":115,"column":7}},"49":{"start":{"line":109,"column":10},"end":{"line":109,"column":30}},"50":{"start":{"line":110,"column":10},"end":{"line":110,"column":25}},"51":{"start":{"line":111,"column":10},"end":{"line":111,"column":36}},"52":{"start":{"line":112,"column":13},"end":{"line":115,"column":7}},"53":{"start":{"line":113,"column":10},"end":{"line":113,"column":25}},"54":{"start":{"line":114,"column":10},"end":{"line":114,"column":40}},"55":{"start":{"line":124,"column":2},"end":{"line":156,"column":3}},"56":{"start":{"line":125,"column":4},"end":{"line":125,"column":45}},"57":{"start":{"line":126,"column":4},"end":{"line":126,"column":94}},"58":{"start":{"line":128,"column":9},"end":{"line":156,"column":3}},"59":{"start":{"line":129,"column":4},"end":{"line":129,"column":29}},"60":{"start":{"line":130,"column":4},"end":{"line":130,"column":69}},"61":{"start":{"line":132,"column":9},"end":{"line":156,"column":3}},"62":{"start":{"line":133,"column":6},"end":{"line":133,"column":42}},"63":{"start":{"line":134,"column":6},"end":{"line":134,"column":79}},"64":{"start":{"line":136,"column":9},"end":{"line":156,"column":3}},"65":{"start":{"line":137,"column":4},"end":{"line":137,"column":55}},"66":{"start":{"line":138,"column":4},"end":{"line":139,"column":93}},"67":{"start":{"line":141,"column":4},"end":{"line":155,"column":9}},"68":{"start":{"line":147,"column":8},"end":{"line":154,"column":9}},"69":{"start":{"line":149,"column":10},"end":{"line":149,"column":25}},"70":{"start":{"line":150,"column":10},"end":{"line":150,"column":36}},"71":{"start":{"line":151,"column":15},"end":{"line":154,"column":9}},"72":{"start":{"line":152,"column":10},"end":{"line":152,"column":25}},"73":{"start":{"line":153,"column":10},"end":{"line":153,"column":40}},"74":{"start":{"line":158,"column":2},"end":{"line":171,"column":5}},"75":{"start":{"line":163,"column":6},"end":{"line":170,"column":7}},"76":{"start":{"line":165,"column":10},"end":{"line":165,"column":25}},"77":{"start":{"line":166,"column":10},"end":{"line":166,"column":36}},"78":{"start":{"line":167,"column":13},"end":{"line":170,"column":7}},"79":{"start":{"line":168,"column":10},"end":{"line":168,"column":25}},"80":{"start":{"line":169,"column":10},"end":{"line":169,"column":40}},"81":{"start":{"line":174,"column":0},"end":{"line":181,"column":1}}},"fnMap":{"0":{"name":"root","decl":{"start":{"line":17,"column":15},"end":{"line":17,"column":19}},"loc":{"start":{"line":17,"column":31},"end":{"line":20,"column":1}},"line":17},"1":{"name":"getAllParks","decl":{"start":{"line":23,"column":15},"end":{"line":23,"column":26}},"loc":{"start":{"line":23,"column":37},"end":{"line":35,"column":1}},"line":23},"2":{"name":"(anonymous_2)","decl":{"start":{"line":25,"column":44},"end":{"line":25,"column":45}},"loc":{"start":{"line":25,"column":78},"end":{"line":34,"column":5}},"line":25},"3":{"name":"getParks","decl":{"start":{"line":38,"column":15},"end":{"line":38,"column":23}},"loc":{"start":{"line":38,"column":34},"end":{"line":72,"column":1}},"line":38},"4":{"name":"(anonymous_4)","decl":{"start":{"line":62,"column":2},"end":{"line":62,"column":3}},"loc":{"start":{"line":62,"column":28},"end":{"line":71,"column":3}},"line":62},"5":{"name":"getParksFunfact","decl":{"start":{"line":74,"column":15},"end":{"line":74,"column":30}},"loc":{"start":{"line":74,"column":41},"end":{"line":102,"column":1}},"line":74},"6":{"name":"(anonymous_6)","decl":{"start":{"line":88,"column":4},"end":{"line":88,"column":5}},"loc":{"start":{"line":88,"column":30},"end":{"line":97,"column":5}},"line":88},"7":{"name":"getAllSpecies","decl":{"start":{"line":105,"column":15},"end":{"line":105,"column":28}},"loc":{"start":{"line":105,"column":39},"end":{"line":117,"column":1}},"line":105},"8":{"name":"(anonymous_8)","decl":{"start":{"line":107,"column":44},"end":{"line":107,"column":45}},"loc":{"start":{"line":107,"column":78},"end":{"line":116,"column":3}},"line":107},"9":{"name":"getSpecies","decl":{"start":{"line":120,"column":15},"end":{"line":120,"column":25}},"loc":{"start":{"line":120,"column":36},"end":{"line":172,"column":1}},"line":120},"10":{"name":"(anonymous_10)","decl":{"start":{"line":146,"column":6},"end":{"line":146,"column":7}},"loc":{"start":{"line":146,"column":32},"end":{"line":155,"column":7}},"line":146},"11":{"name":"(anonymous_11)","decl":{"start":{"line":162,"column":2},"end":{"line":162,"column":3}},"loc":{"start":{"line":162,"column":28},"end":{"line":171,"column":3}},"line":162}},"branchMap":{"0":{"loc":{"start":{"line":26,"column":8},"end":{"line":33,"column":9}},"type":"if","locations":[{"start":{"line":26,"column":8},"end":{"line":33,"column":9}},{"start":{"line":30,"column":15},"end":{"line":33,"column":9}}],"line":26},"1":{"loc":{"start":{"line":30,"column":15},"end":{"line":33,"column":9}},"type":"if","locations":[{"start":{"line":30,"column":15},"end":{"line":33,"column":9}},{"start":{},"end":{}}],"line":30},"2":{"loc":{"start":{"line":42,"column":2},"end":{"line":56,"column":3}},"type":"if","locations":[{"start":{"line":42,"column":2},"end":{"line":56,"column":3}},{"start":{"line":46,"column":9},"end":{"line":56,"column":3}}],"line":42},"3":{"loc":{"start":{"line":46,"column":9},"end":{"line":56,"column":3}},"type":"if","locations":[{"start":{"line":46,"column":9},"end":{"line":56,"column":3}},{"start":{"line":50,"column":9},"end":{"line":56,"column":3}}],"line":46},"4":{"loc":{"start":{"line":50,"column":9},"end":{"line":56,"column":3}},"type":"if","locations":[{"start":{"line":50,"column":9},"end":{"line":56,"column":3}},{"start":{"line":54,"column":9},"end":{"line":56,"column":3}}],"line":50},"5":{"loc":{"start":{"line":63,"column":6},"end":{"line":70,"column":7}},"type":"if","locations":[{"start":{"line":63,"column":6},"end":{"line":70,"column":7}},{"start":{"line":67,"column":13},"end":{"line":70,"column":7}}],"line":63},"6":{"loc":{"start":{"line":67,"column":13},"end":{"line":70,"column":7}},"type":"if","locations":[{"start":{"line":67,"column":13},"end":{"line":70,"column":7}},{"start":{},"end":{}}],"line":67},"7":{"loc":{"start":{"line":78,"column":2},"end":{"line":101,"column":3}},"type":"if","locations":[{"start":{"line":78,"column":2},"end":{"line":101,"column":3}},{"start":{"line":98,"column":9},"end":{"line":101,"column":3}}],"line":78},"8":{"loc":{"start":{"line":79,"column":4},"end":{"line":85,"column":5}},"type":"if","locations":[{"start":{"line":79,"column":4},"end":{"line":85,"column":5}},{"start":{"line":82,"column":11},"end":{"line":85,"column":5}}],"line":79},"9":{"loc":{"start":{"line":79,"column":8},"end":{"line":79,"column":26}},"type":"binary-expr","locations":[{"start":{"line":79,"column":8},"end":{"line":79,"column":15}},{"start":{"line":79,"column":19},"end":{"line":79,"column":26}}],"line":79},"10":{"loc":{"start":{"line":89,"column":6},"end":{"line":96,"column":7}},"type":"if","locations":[{"start":{"line":89,"column":6},"end":{"line":96,"column":7}},{"start":{"line":93,"column":13},"end":{"line":96,"column":7}}],"line":89},"11":{"loc":{"start":{"line":93,"column":13},"end":{"line":96,"column":7}},"type":"if","locations":[{"start":{"line":93,"column":13},"end":{"line":96,"column":7}},{"start":{},"end":{}}],"line":93},"12":{"loc":{"start":{"line":108,"column":6},"end":{"line":115,"column":7}},"type":"if","locations":[{"start":{"line":108,"column":6},"end":{"line":115,"column":7}},{"start":{"line":112,"column":13},"end":{"line":115,"column":7}}],"line":108},"13":{"loc":{"start":{"line":112,"column":13},"end":{"line":115,"column":7}},"type":"if","locations":[{"start":{"line":112,"column":13},"end":{"line":115,"column":7}},{"start":{},"end":{}}],"line":112},"14":{"loc":{"start":{"line":124,"column":2},"end":{"line":156,"column":3}},"type":"if","locations":[{"start":{"line":124,"column":2},"end":{"line":156,"column":3}},{"start":{"line":128,"column":9},"end":{"line":156,"column":3}}],"line":124},"15":{"loc":{"start":{"line":128,"column":9},"end":{"line":156,"column":3}},"type":"if","locations":[{"start":{"line":128,"column":9},"end":{"line":156,"column":3}},{"start":{"line":132,"column":9},"end":{"line":156,"column":3}}],"line":128},"16":{"loc":{"start":{"line":132,"column":9},"end":{"line":156,"column":3}},"type":"if","locations":[{"start":{"line":132,"column":9},"end":{"line":156,"column":3}},{"start":{"line":136,"column":9},"end":{"line":156,"column":3}}],"line":132},"17":{"loc":{"start":{"line":136,"column":9},"end":{"line":156,"column":3}},"type":"if","locations":[{"start":{"line":136,"column":9},"end":{"line":156,"column":3}},{"start":{"line":140,"column":9},"end":{"line":156,"column":3}}],"line":136},"18":{"loc":{"start":{"line":147,"column":8},"end":{"line":154,"column":9}},"type":"if","locations":[{"start":{"line":147,"column":8},"end":{"line":154,"column":9}},{"start":{"line":151,"column":15},"end":{"line":154,"column":9}}],"line":147},"19":{"loc":{"start":{"line":151,"column":15},"end":{"line":154,"column":9}},"type":"if","locations":[{"start":{"line":151,"column":15},"end":{"line":154,"column":9}},{"start":{},"end":{}}],"line":151},"20":{"loc":{"start":{"line":163,"column":6},"end":{"line":170,"column":7}},"type":"if","locations":[{"start":{"line":163,"column":6},"end":{"line":170,"column":7}},{"start":{"line":167,"column":13},"end":{"line":170,"column":7}}],"line":163},"21":{"loc":{"start":{"line":167,"column":13},"end":{"line":170,"column":7}},"type":"if","locations":[{"start":{"line":167,"column":13},"end":{"line":170,"column":7}},{"start":{},"end":{}}],"line":167}},"s":{"0":1,"1":1,"2":1,"3":1,"4":1,"5":1,"6":0,"7":0,"8":0,"9":0,"10":0,"11":0,"12":0,"13":0,"14":0,"15":0,"16":0,"17":0,"18":0,"19":0,"20":0,"21":0,"22":0,"23":0,"24":0,"25":0,"26":0,"27":0,"28":0,"29":0,"30":0,"31":0,"32":0,"33":0,"34":0,"35":0,"36":0,"37":0,"38":0,"39":0,"40":0,"41":0,"42":0,"43":0,"44":0,"45":0,"46":0,"47":0,"48":0,"49":0,"50":0,"51":0,"52":0,"53":0,"54":0,"55":0,"56":0,"57":0,"58":0,"59":0,"60":0,"61":0,"62":0,"63":0,"64":0,"65":0,"66":0,"67":0,"68":0,"69":0,"70":0,"71":0,"72":0,"73":0,"74":0,"75":0,"76":0,"77":0,"78":0,"79":0,"80":0,"81":1},"f":{"0":0,"1":0,"2":0,"3":0,"4":0,"5":0,"6":0,"7":0,"8":0,"9":0,"10":0,"11":0},"b":{"0":[0,0],"1":[0,0],"2":[0,0],"3":[0,0],"4":[0,0],"5":[0,0],"6":[0,0],"7":[0,0],"8":[0,0],"9":[0,0],"10":[0,0],"11":[0,0],"12":[0,0],"13":[0,0],"14":[0,0],"15":[0,0],"16":[0,0],"17":[0,0],"18":[0,0],"19":[0,0],"20":[0,0],"21":[0,0]},"_coverageSchema":"1a1c01bbd47fc00a2c39e90264f33305004495a9","hash":"02f3c9553df25728af4d6ffd4979a23a836ee5a3"}
,"C:\\Users\\Ari Fromm\\Documents\\Penn\\Spring_2022\\cis450\\Project\\repo\\parks-and-penncreation\\server\\server.js": {"path":"C:\\Users\\Ari Fromm\\Documents\\Penn\\Spring_2022\\cis450\\Project\\repo\\parks-and-penncreation\\server\\server.js","statementMap":{"0":{"start":{"line":2,"column":19},"end":{"line":2,"column":37}},"1":{"start":{"line":3,"column":17},"end":{"line":3,"column":33}},"2":{"start":{"line":4,"column":14},"end":{"line":4,"column":29}},"3":{"start":{"line":6,"column":15},"end":{"line":6,"column":34}},"4":{"start":{"line":7,"column":15},"end":{"line":7,"column":39}},"5":{"start":{"line":8,"column":19},"end":{"line":8,"column":41}},"6":{"start":{"line":11,"column":12},"end":{"line":11,"column":28}},"7":{"start":{"line":14,"column":0},"end":{"line":14,"column":52}},"8":{"start":{"line":17,"column":0},"end":{"line":17,"column":75}},"9":{"start":{"line":19,"column":0},"end":{"line":19,"column":26}},"10":{"start":{"line":22,"column":0},"end":{"line":22,"column":41}},"11":{"start":{"line":25,"column":0},"end":{"line":25,"column":35}},"12":{"start":{"line":28,"column":0},"end":{"line":28,"column":53}},"13":{"start":{"line":31,"column":0},"end":{"line":31,"column":46}},"14":{"start":{"line":34,"column":0},"end":{"line":34,"column":39}},"15":{"start":{"line":38,"column":4},"end":{"line":40,"column":7}},"16":{"start":{"line":39,"column":8},"end":{"line":39,"column":93}},"17":{"start":{"line":45,"column":4},"end":{"line":45,"column":16}},"18":{"start":{"line":49,"column":0},"end":{"line":49,"column":11}},"19":{"start":{"line":51,"column":0},"end":{"line":53,"column":1}}},"fnMap":{"0":{"name":"startApp","decl":{"start":{"line":37,"column":9},"end":{"line":37,"column":17}},"loc":{"start":{"line":37,"column":21},"end":{"line":41,"column":1}},"line":37},"1":{"name":"(anonymous_1)","decl":{"start":{"line":38,"column":35},"end":{"line":38,"column":36}},"loc":{"start":{"line":38,"column":41},"end":{"line":40,"column":5}},"line":38},"2":{"name":"stopApp","decl":{"start":{"line":44,"column":9},"end":{"line":44,"column":16}},"loc":{"start":{"line":44,"column":20},"end":{"line":46,"column":1}},"line":44}},"branchMap":{},"s":{"0":1,"1":1,"2":1,"3":1,"4":1,"5":1,"6":1,"7":1,"8":1,"9":1,"10":1,"11":1,"12":1,"13":1,"14":1,"15":1,"16":0,"17":0,"18":1,"19":1},"f":{"0":1,"1":0,"2":0},"b":{},"_coverageSchema":"1a1c01bbd47fc00a2c39e90264f33305004495a9","hash":"8f0df010f7937a9763d65e02837e00b0ab907508"}
}
