TN:
SF:parkFacts.js
FN:6,randomStateGenerator
FNF:1
FNH:1
FNDA:1,randomStateGenerator
DA:1,1
DA:7,1
DA:8,1
DA:11,1
DA:13,1
DA:67,1
LF:6
LH:6
BRF:0
BRH:0
end_of_record
TN:
SF:routes.js
FN:17,root
FN:23,getAllParks
FN:25,(anonymous_2)
FN:38,getParks
FN:62,(anonymous_4)
FN:74,getParksFunfact
FN:88,(anonymous_6)
FN:105,getAllSpecies
FN:107,(anonymous_8)
FN:120,getSpecies
FN:146,(anonymous_10)
FN:162,(anonymous_11)
FNF:12
FNH:0
FNDA:0,root
FNDA:0,getAllParks
FNDA:0,(anonymous_2)
FNDA:0,getParks
FNDA:0,(anonymous_4)
FNDA:0,getParksFunfact
FNDA:0,(anonymous_6)
FNDA:0,getAllSpecies
FNDA:0,(anonymous_8)
FNDA:0,getSpecies
FNDA:0,(anonymous_10)
FNDA:0,(anonymous_11)
DA:1,1
DA:2,1
DA:3,1
DA:4,1
DA:7,1
DA:14,1
DA:19,0
DA:25,0
DA:26,0
DA:27,0
DA:28,0
DA:29,0
DA:30,0
DA:31,0
DA:32,0
DA:42,0
DA:43,0
DA:44,0
DA:46,0
DA:47,0
DA:48,0
DA:50,0
DA:51,0
DA:52,0
DA:55,0
DA:58,0
DA:63,0
DA:65,0
DA:66,0
DA:67,0
DA:68,0
DA:69,0
DA:75,0
DA:78,0
DA:79,0
DA:80,0
DA:83,0
DA:84,0
DA:87,0
DA:89,0
DA:91,0
DA:92,0
DA:93,0
DA:94,0
DA:95,0
DA:99,0
DA:100,0
DA:107,0
DA:108,0
DA:109,0
DA:110,0
DA:111,0
DA:112,0
DA:113,0
DA:114,0
DA:124,0
DA:125,0
DA:126,0
DA:128,0
DA:129,0
DA:130,0
DA:132,0
DA:133,0
DA:134,0
DA:136,0
DA:137,0
DA:138,0
DA:141,0
DA:147,0
DA:149,0
DA:150,0
DA:151,0
DA:152,0
DA:153,0
DA:158,0
DA:163,0
DA:165,0
DA:166,0
DA:167,0
DA:168,0
DA:169,0
DA:174,1
LF:82
LH:7
BRDA:26,0,0,0
BRDA:26,0,1,0
BRDA:30,1,0,0
BRDA:30,1,1,0
BRDA:42,2,0,0
BRDA:42,2,1,0
BRDA:46,3,0,0
BRDA:46,3,1,0
BRDA:50,4,0,0
BRDA:50,4,1,0
BRDA:63,5,0,0
BRDA:63,5,1,0
BRDA:67,6,0,0
BRDA:67,6,1,0
BRDA:78,7,0,0
BRDA:78,7,1,0
BRDA:79,8,0,0
BRDA:79,8,1,0
BRDA:79,9,0,0
BRDA:79,9,1,0
BRDA:89,10,0,0
BRDA:89,10,1,0
BRDA:93,11,0,0
BRDA:93,11,1,0
BRDA:108,12,0,0
BRDA:108,12,1,0
BRDA:112,13,0,0
BRDA:112,13,1,0
BRDA:124,14,0,0
BRDA:124,14,1,0
BRDA:128,15,0,0
BRDA:128,15,1,0
BRDA:132,16,0,0
BRDA:132,16,1,0
BRDA:136,17,0,0
BRDA:136,17,1,0
BRDA:147,18,0,0
BRDA:147,18,1,0
BRDA:151,19,0,0
BRDA:151,19,1,0
BRDA:163,20,0,0
BRDA:163,20,1,0
BRDA:167,21,0,0
BRDA:167,21,1,0
BRF:44
BRH:0
end_of_record
TN:
SF:server.js
FN:37,startApp
FN:38,(anonymous_1)
FN:44,stopApp
FNF:3
FNH:1
FNDA:1,startApp
FNDA:0,(anonymous_1)
FNDA:0,stopApp
DA:2,1
DA:3,1
DA:4,1
DA:6,1
DA:7,1
DA:8,1
DA:11,1
DA:14,1
DA:17,1
DA:19,1
DA:22,1
DA:25,1
DA:28,1
DA:31,1
DA:34,1
DA:38,1
DA:39,0
DA:45,0
DA:49,1
DA:51,1
LF:20
LH:18
BRF:0
BRH:0
end_of_record
